[16-Nov-2025 18:28:59 UTC] PHP Notice:  Function wp_send_json was called <strong>incorrectly</strong>. Return a WP_REST_Response or WP_Error object from your callback when using the REST API. Please see <a href="https://developer.wordpress.org/advanced-administration/debug/debug-wordpress/">Debugging in WordPress</a> for more information. (This message was added in version 5.5.0.) in C:\Users\ronal\Local Sites\restaurant\app\public\wp-includes\functions.php on line 6121
[16-Nov-2025 18:29:40 UTC] PHP Notice:  Function wp_send_json was called <strong>incorrectly</strong>. Return a WP_REST_Response or WP_Error object from your callback when using the REST API. Please see <a href="https://developer.wordpress.org/advanced-administration/debug/debug-wordpress/">Debugging in WordPress</a> for more information. (This message was added in version 5.5.0.) in C:\Users\ronal\Local Sites\restaurant\app\public\wp-includes\functions.php on line 6121
[16-Nov-2025 18:29:43 UTC] PHP Notice:  Function wp_send_json was called <strong>incorrectly</strong>. Return a WP_REST_Response or WP_Error object from your callback when using the REST API. Please see <a href="https://developer.wordpress.org/advanced-administration/debug/debug-wordpress/">Debugging in WordPress</a> for more information. (This message was added in version 5.5.0.) in C:\Users\ronal\Local Sites\restaurant\app\public\wp-includes\functions.php on line 6121
[16-Nov-2025 18:30:40 UTC] PHP Notice:  Function wp_send_json was called <strong>incorrectly</strong>. Return a WP_REST_Response or WP_Error object from your callback when using the REST API. Please see <a href="https://developer.wordpress.org/advanced-administration/debug/debug-wordpress/">Debugging in WordPress</a> for more information. (This message was added in version 5.5.0.) in C:\Users\ronal\Local Sites\restaurant\app\public\wp-includes\functions.php on line 6121
[16-Nov-2025 18:30:44 UTC] PHP Notice:  Function wp_send_json was called <strong>incorrectly</strong>. Return a WP_REST_Response or WP_Error object from your callback when using the REST API. Please see <a href="https://developer.wordpress.org/advanced-administration/debug/debug-wordpress/">Debugging in WordPress</a> for more information. (This message was added in version 5.5.0.) in C:\Users\ronal\Local Sites\restaurant\app\public\wp-includes\functions.php on line 6121
[16-Nov-2025 18:31:40 UTC] PHP Notice:  Function wp_send_json was called <strong>incorrectly</strong>. Return a WP_REST_Response or WP_Error object from your callback when using the REST API. Please see <a href="https://developer.wordpress.org/advanced-administration/debug/debug-wordpress/">Debugging in WordPress</a> for more information. (This message was added in version 5.5.0.) in C:\Users\ronal\Local Sites\restaurant\app\public\wp-includes\functions.php on line 6121
[16-Nov-2025 18:32:40 UTC] PHP Notice:  Function wp_send_json was called <strong>incorrectly</strong>. Return a WP_REST_Response or WP_Error object from your callback when using the REST API. Please see <a href="https://developer.wordpress.org/advanced-administration/debug/debug-wordpress/">Debugging in WordPress</a> for more information. (This message was added in version 5.5.0.) in C:\Users\ronal\Local Sites\restaurant\app\public\wp-includes\functions.php on line 6121
[16-Nov-2025 18:32:45 UTC] PHP Notice:  Function wp_send_json was called <strong>incorrectly</strong>. Return a WP_REST_Response or WP_Error object from your callback when using the REST API. Please see <a href="https://developer.wordpress.org/advanced-administration/debug/debug-wordpress/">Debugging in WordPress</a> for more information. (This message was added in version 5.5.0.) in C:\Users\ronal\Local Sites\restaurant\app\public\wp-includes\functions.php on line 6121
[16-Nov-2025 18:33:41 UTC] Automatic updates starting...
[16-Nov-2025 18:33:41 UTC] Automatic updates complete.
[16-Nov-2025 18:33:41 UTC] PHP Notice:  Function wp_send_json was called <strong>incorrectly</strong>. Return a WP_REST_Response or WP_Error object from your callback when using the REST API. Please see <a href="https://developer.wordpress.org/advanced-administration/debug/debug-wordpress/">Debugging in WordPress</a> for more information. (This message was added in version 5.5.0.) in C:\Users\ronal\Local Sites\restaurant\app\public\wp-includes\functions.php on line 6121
[16-Nov-2025 18:34:40 UTC] PHP Notice:  Function wp_send_json was called <strong>incorrectly</strong>. Return a WP_REST_Response or WP_Error object from your callback when using the REST API. Please see <a href="https://developer.wordpress.org/advanced-administration/debug/debug-wordpress/">Debugging in WordPress</a> for more information. (This message was added in version 5.5.0.) in C:\Users\ronal\Local Sites\restaurant\app\public\wp-includes\functions.php on line 6121
[16-Nov-2025 18:34:46 UTC] PHP Notice:  Function wp_send_json was called <strong>incorrectly</strong>. Return a WP_REST_Response or WP_Error object from your callback when using the REST API. Please see <a href="https://developer.wordpress.org/advanced-administration/debug/debug-wordpress/">Debugging in WordPress</a> for more information. (This message was added in version 5.5.0.) in C:\Users\ronal\Local Sites\restaurant\app\public\wp-includes\functions.php on line 6121
[16-Nov-2025 18:35:40 UTC] PHP Notice:  Function wp_send_json was called <strong>incorrectly</strong>. Return a WP_REST_Response or WP_Error object from your callback when using the REST API. Please see <a href="https://developer.wordpress.org/advanced-administration/debug/debug-wordpress/">Debugging in WordPress</a> for more information. (This message was added in version 5.5.0.) in C:\Users\ronal\Local Sites\restaurant\app\public\wp-includes\functions.php on line 6121
[16-Nov-2025 18:35:47 UTC] PHP Notice:  Function wp_send_json was called <strong>incorrectly</strong>. Return a WP_REST_Response or WP_Error object from your callback when using the REST API. Please see <a href="https://developer.wordpress.org/advanced-administration/debug/debug-wordpress/">Debugging in WordPress</a> for more information. (This message was added in version 5.5.0.) in C:\Users\ronal\Local Sites\restaurant\app\public\wp-includes\functions.php on line 6121
[16-Nov-2025 18:36:40 UTC] PHP Notice:  Function wp_send_json was called <strong>incorrectly</strong>. Return a WP_REST_Response or WP_Error object from your callback when using the REST API. Please see <a href="https://developer.wordpress.org/advanced-administration/debug/debug-wordpress/">Debugging in WordPress</a> for more information. (This message was added in version 5.5.0.) in C:\Users\ronal\Local Sites\restaurant\app\public\wp-includes\functions.php on line 6121
[16-Nov-2025 18:37:40 UTC] PHP Notice:  Function wp_send_json was called <strong>incorrectly</strong>. Return a WP_REST_Response or WP_Error object from your callback when using the REST API. Please see <a href="https://developer.wordpress.org/advanced-administration/debug/debug-wordpress/">Debugging in WordPress</a> for more information. (This message was added in version 5.5.0.) in C:\Users\ronal\Local Sites\restaurant\app\public\wp-includes\functions.php on line 6121
[16-Nov-2025 18:37:48 UTC] PHP Notice:  Function wp_send_json was called <strong>incorrectly</strong>. Return a WP_REST_Response or WP_Error object from your callback when using the REST API. Please see <a href="https://developer.wordpress.org/advanced-administration/debug/debug-wordpress/">Debugging in WordPress</a> for more information. (This message was added in version 5.5.0.) in C:\Users\ronal\Local Sites\restaurant\app\public\wp-includes\functions.php on line 6121
[16-Nov-2025 18:38:40 UTC] PHP Notice:  Function wp_send_json was called <strong>incorrectly</strong>. Return a WP_REST_Response or WP_Error object from your callback when using the REST API. Please see <a href="https://developer.wordpress.org/advanced-administration/debug/debug-wordpress/">Debugging in WordPress</a> for more information. (This message was added in version 5.5.0.) in C:\Users\ronal\Local Sites\restaurant\app\public\wp-includes\functions.php on line 6121
[16-Nov-2025 18:39:40 UTC] PHP Notice:  Function wp_send_json was called <strong>incorrectly</strong>. Return a WP_REST_Response or WP_Error object from your callback when using the REST API. Please see <a href="https://developer.wordpress.org/advanced-administration/debug/debug-wordpress/">Debugging in WordPress</a> for more information. (This message was added in version 5.5.0.) in C:\Users\ronal\Local Sites\restaurant\app\public\wp-includes\functions.php on line 6121
[16-Nov-2025 18:39:49 UTC] PHP Notice:  Function wp_send_json was called <strong>incorrectly</strong>. Return a WP_REST_Response or WP_Error object from your callback when using the REST API. Please see <a href="https://developer.wordpress.org/advanced-administration/debug/debug-wordpress/">Debugging in WordPress</a> for more information. (This message was added in version 5.5.0.) in C:\Users\ronal\Local Sites\restaurant\app\public\wp-includes\functions.php on line 6121
[16-Nov-2025 18:40:40 UTC] PHP Notice:  Function wp_send_json was called <strong>incorrectly</strong>. Return a WP_REST_Response or WP_Error object from your callback when using the REST API. Please see <a href="https://developer.wordpress.org/advanced-administration/debug/debug-wordpress/">Debugging in WordPress</a> for more information. (This message was added in version 5.5.0.) in C:\Users\ronal\Local Sites\restaurant\app\public\wp-includes\functions.php on line 6121
[16-Nov-2025 18:41:40 UTC] PHP Notice:  Function wp_send_json was called <strong>incorrectly</strong>. Return a WP_REST_Response or WP_Error object from your callback when using the REST API. Please see <a href="https://developer.wordpress.org/advanced-administration/debug/debug-wordpress/">Debugging in WordPress</a> for more information. (This message was added in version 5.5.0.) in C:\Users\ronal\Local Sites\restaurant\app\public\wp-includes\functions.php on line 6121
[16-Nov-2025 18:41:50 UTC] PHP Notice:  Function wp_send_json was called <strong>incorrectly</strong>. Return a WP_REST_Response or WP_Error object from your callback when using the REST API. Please see <a href="https://developer.wordpress.org/advanced-administration/debug/debug-wordpress/">Debugging in WordPress</a> for more information. (This message was added in version 5.5.0.) in C:\Users\ronal\Local Sites\restaurant\app\public\wp-includes\functions.php on line 6121
[16-Nov-2025 18:42:40 UTC] PHP Notice:  Function wp_send_json was called <strong>incorrectly</strong>. Return a WP_REST_Response or WP_Error object from your callback when using the REST API. Please see <a href="https://developer.wordpress.org/advanced-administration/debug/debug-wordpress/">Debugging in WordPress</a> for more information. (This message was added in version 5.5.0.) in C:\Users\ronal\Local Sites\restaurant\app\public\wp-includes\functions.php on line 6121
[16-Nov-2025 18:43:40 UTC] PHP Notice:  Function wp_send_json was called <strong>incorrectly</strong>. Return a WP_REST_Response or WP_Error object from your callback when using the REST API. Please see <a href="https://developer.wordpress.org/advanced-administration/debug/debug-wordpress/">Debugging in WordPress</a> for more information. (This message was added in version 5.5.0.) in C:\Users\ronal\Local Sites\restaurant\app\public\wp-includes\functions.php on line 6121
[16-Nov-2025 18:43:51 UTC] PHP Notice:  Function wp_send_json was called <strong>incorrectly</strong>. Return a WP_REST_Response or WP_Error object from your callback when using the REST API. Please see <a href="https://developer.wordpress.org/advanced-administration/debug/debug-wordpress/">Debugging in WordPress</a> for more information. (This message was added in version 5.5.0.) in C:\Users\ronal\Local Sites\restaurant\app\public\wp-includes\functions.php on line 6121
[16-Nov-2025 18:44:40 UTC] PHP Notice:  Function wp_send_json was called <strong>incorrectly</strong>. Return a WP_REST_Response or WP_Error object from your callback when using the REST API. Please see <a href="https://developer.wordpress.org/advanced-administration/debug/debug-wordpress/">Debugging in WordPress</a> for more information. (This message was added in version 5.5.0.) in C:\Users\ronal\Local Sites\restaurant\app\public\wp-includes\functions.php on line 6121
[16-Nov-2025 18:44:55 UTC] PHP Notice:  Function wp_send_json was called <strong>incorrectly</strong>. Return a WP_REST_Response or WP_Error object from your callback when using the REST API. Please see <a href="https://developer.wordpress.org/advanced-administration/debug/debug-wordpress/">Debugging in WordPress</a> for more information. (This message was added in version 5.5.0.) in C:\Users\ronal\Local Sites\restaurant\app\public\wp-includes\functions.php on line 6121
[16-Nov-2025 18:44:57 UTC] PHP Notice:  Function wp_send_json was called <strong>incorrectly</strong>. Return a WP_REST_Response or WP_Error object from your callback when using the REST API. Please see <a href="https://developer.wordpress.org/advanced-administration/debug/debug-wordpress/">Debugging in WordPress</a> for more information. (This message was added in version 5.5.0.) in C:\Users\ronal\Local Sites\restaurant\app\public\wp-includes\functions.php on line 6121
[16-Nov-2025 18:45:40 UTC] PHP Notice:  Function wp_send_json was called <strong>incorrectly</strong>. Return a WP_REST_Response or WP_Error object from your callback when using the REST API. Please see <a href="https://developer.wordpress.org/advanced-administration/debug/debug-wordpress/">Debugging in WordPress</a> for more information. (This message was added in version 5.5.0.) in C:\Users\ronal\Local Sites\restaurant\app\public\wp-includes\functions.php on line 6121
[16-Nov-2025 18:45:56 UTC] PHP Notice:  Function wp_send_json was called <strong>incorrectly</strong>. Return a WP_REST_Response or WP_Error object from your callback when using the REST API. Please see <a href="https://developer.wordpress.org/advanced-administration/debug/debug-wordpress/">Debugging in WordPress</a> for more information. (This message was added in version 5.5.0.) in C:\Users\ronal\Local Sites\restaurant\app\public\wp-includes\functions.php on line 6121
[16-Nov-2025 18:46:40 UTC] PHP Notice:  Function wp_send_json was called <strong>incorrectly</strong>. Return a WP_REST_Response or WP_Error object from your callback when using the REST API. Please see <a href="https://developer.wordpress.org/advanced-administration/debug/debug-wordpress/">Debugging in WordPress</a> for more information. (This message was added in version 5.5.0.) in C:\Users\ronal\Local Sites\restaurant\app\public\wp-includes\functions.php on line 6121
[16-Nov-2025 18:47:40 UTC] PHP Notice:  Function wp_send_json was called <strong>incorrectly</strong>. Return a WP_REST_Response or WP_Error object from your callback when using the REST API. Please see <a href="https://developer.wordpress.org/advanced-administration/debug/debug-wordpress/">Debugging in WordPress</a> for more information. (This message was added in version 5.5.0.) in C:\Users\ronal\Local Sites\restaurant\app\public\wp-includes\functions.php on line 6121
[16-Nov-2025 18:47:57 UTC] PHP Notice:  Function wp_send_json was called <strong>incorrectly</strong>. Return a WP_REST_Response or WP_Error object from your callback when using the REST API. Please see <a href="https://developer.wordpress.org/advanced-administration/debug/debug-wordpress/">Debugging in WordPress</a> for more information. (This message was added in version 5.5.0.) in C:\Users\ronal\Local Sites\restaurant\app\public\wp-includes\functions.php on line 6121
[16-Nov-2025 18:48:40 UTC] PHP Notice:  Function wp_send_json was called <strong>incorrectly</strong>. Return a WP_REST_Response or WP_Error object from your callback when using the REST API. Please see <a href="https://developer.wordpress.org/advanced-administration/debug/debug-wordpress/">Debugging in WordPress</a> for more information. (This message was added in version 5.5.0.) in C:\Users\ronal\Local Sites\restaurant\app\public\wp-includes\functions.php on line 6121
[16-Nov-2025 18:49:40 UTC] PHP Notice:  Function wp_send_json was called <strong>incorrectly</strong>. Return a WP_REST_Response or WP_Error object from your callback when using the REST API. Please see <a href="https://developer.wordpress.org/advanced-administration/debug/debug-wordpress/">Debugging in WordPress</a> for more information. (This message was added in version 5.5.0.) in C:\Users\ronal\Local Sites\restaurant\app\public\wp-includes\functions.php on line 6121
[16-Nov-2025 18:49:58 UTC] PHP Notice:  Function wp_send_json was called <strong>incorrectly</strong>. Return a WP_REST_Response or WP_Error object from your callback when using the REST API. Please see <a href="https://developer.wordpress.org/advanced-administration/debug/debug-wordpress/">Debugging in WordPress</a> for more information. (This message was added in version 5.5.0.) in C:\Users\ronal\Local Sites\restaurant\app\public\wp-includes\functions.php on line 6121
[16-Nov-2025 18:50:40 UTC] PHP Notice:  Function wp_send_json was called <strong>incorrectly</strong>. Return a WP_REST_Response or WP_Error object from your callback when using the REST API. Please see <a href="https://developer.wordpress.org/advanced-administration/debug/debug-wordpress/">Debugging in WordPress</a> for more information. (This message was added in version 5.5.0.) in C:\Users\ronal\Local Sites\restaurant\app\public\wp-includes\functions.php on line 6121
[16-Nov-2025 18:51:40 UTC] PHP Notice:  Function wp_send_json was called <strong>incorrectly</strong>. Return a WP_REST_Response or WP_Error object from your callback when using the REST API. Please see <a href="https://developer.wordpress.org/advanced-administration/debug/debug-wordpress/">Debugging in WordPress</a> for more information. (This message was added in version 5.5.0.) in C:\Users\ronal\Local Sites\restaurant\app\public\wp-includes\functions.php on line 6121
[16-Nov-2025 18:51:59 UTC] PHP Notice:  Function wp_send_json was called <strong>incorrectly</strong>. Return a WP_REST_Response or WP_Error object from your callback when using the REST API. Please see <a href="https://developer.wordpress.org/advanced-administration/debug/debug-wordpress/">Debugging in WordPress</a> for more information. (This message was added in version 5.5.0.) in C:\Users\ronal\Local Sites\restaurant\app\public\wp-includes\functions.php on line 6121
[16-Nov-2025 18:52:40 UTC] PHP Notice:  Function wp_send_json was called <strong>incorrectly</strong>. Return a WP_REST_Response or WP_Error object from your callback when using the REST API. Please see <a href="https://developer.wordpress.org/advanced-administration/debug/debug-wordpress/">Debugging in WordPress</a> for more information. (This message was added in version 5.5.0.) in C:\Users\ronal\Local Sites\restaurant\app\public\wp-includes\functions.php on line 6121
[16-Nov-2025 18:53:40 UTC] PHP Notice:  Function wp_send_json was called <strong>incorrectly</strong>. Return a WP_REST_Response or WP_Error object from your callback when using the REST API. Please see <a href="https://developer.wordpress.org/advanced-administration/debug/debug-wordpress/">Debugging in WordPress</a> for more information. (This message was added in version 5.5.0.) in C:\Users\ronal\Local Sites\restaurant\app\public\wp-includes\functions.php on line 6121
[16-Nov-2025 18:54:00 UTC] PHP Notice:  Function wp_send_json was called <strong>incorrectly</strong>. Return a WP_REST_Response or WP_Error object from your callback when using the REST API. Please see <a href="https://developer.wordpress.org/advanced-administration/debug/debug-wordpress/">Debugging in WordPress</a> for more information. (This message was added in version 5.5.0.) in C:\Users\ronal\Local Sites\restaurant\app\public\wp-includes\functions.php on line 6121
[16-Nov-2025 18:54:40 UTC] PHP Notice:  Function wp_send_json was called <strong>incorrectly</strong>. Return a WP_REST_Response or WP_Error object from your callback when using the REST API. Please see <a href="https://developer.wordpress.org/advanced-administration/debug/debug-wordpress/">Debugging in WordPress</a> for more information. (This message was added in version 5.5.0.) in C:\Users\ronal\Local Sites\restaurant\app\public\wp-includes\functions.php on line 6121
[16-Nov-2025 18:55:40 UTC] PHP Notice:  Function wp_send_json was called <strong>incorrectly</strong>. Return a WP_REST_Response or WP_Error object from your callback when using the REST API. Please see <a href="https://developer.wordpress.org/advanced-administration/debug/debug-wordpress/">Debugging in WordPress</a> for more information. (This message was added in version 5.5.0.) in C:\Users\ronal\Local Sites\restaurant\app\public\wp-includes\functions.php on line 6121
[16-Nov-2025 18:56:40 UTC] PHP Notice:  Function wp_send_json was called <strong>incorrectly</strong>. Return a WP_REST_Response or WP_Error object from your callback when using the REST API. Please see <a href="https://developer.wordpress.org/advanced-administration/debug/debug-wordpress/">Debugging in WordPress</a> for more information. (This message was added in version 5.5.0.) in C:\Users\ronal\Local Sites\restaurant\app\public\wp-includes\functions.php on line 6121
[16-Nov-2025 18:57:40 UTC] PHP Notice:  Function wp_send_json was called <strong>incorrectly</strong>. Return a WP_REST_Response or WP_Error object from your callback when using the REST API. Please see <a href="https://developer.wordpress.org/advanced-administration/debug/debug-wordpress/">Debugging in WordPress</a> for more information. (This message was added in version 5.5.0.) in C:\Users\ronal\Local Sites\restaurant\app\public\wp-includes\functions.php on line 6121
[16-Nov-2025 18:58:40 UTC] PHP Notice:  Function wp_send_json was called <strong>incorrectly</strong>. Return a WP_REST_Response or WP_Error object from your callback when using the REST API. Please see <a href="https://developer.wordpress.org/advanced-administration/debug/debug-wordpress/">Debugging in WordPress</a> for more information. (This message was added in version 5.5.0.) in C:\Users\ronal\Local Sites\restaurant\app\public\wp-includes\functions.php on line 6121
[16-Nov-2025 18:59:41 UTC] PHP Notice:  Function wp_send_json was called <strong>incorrectly</strong>. Return a WP_REST_Response or WP_Error object from your callback when using the REST API. Please see <a href="https://developer.wordpress.org/advanced-administration/debug/debug-wordpress/">Debugging in WordPress</a> for more information. (This message was added in version 5.5.0.) in C:\Users\ronal\Local Sites\restaurant\app\public\wp-includes\functions.php on line 6121
[16-Nov-2025 19:00:40 UTC] PHP Notice:  Function wp_send_json was called <strong>incorrectly</strong>. Return a WP_REST_Response or WP_Error object from your callback when using the REST API. Please see <a href="https://developer.wordpress.org/advanced-administration/debug/debug-wordpress/">Debugging in WordPress</a> for more information. (This message was added in version 5.5.0.) in C:\Users\ronal\Local Sites\restaurant\app\public\wp-includes\functions.php on line 6121
[16-Nov-2025 19:01:40 UTC] PHP Notice:  Function wp_send_json was called <strong>incorrectly</strong>. Return a WP_REST_Response or WP_Error object from your callback when using the REST API. Please see <a href="https://developer.wordpress.org/advanced-administration/debug/debug-wordpress/">Debugging in WordPress</a> for more information. (This message was added in version 5.5.0.) in C:\Users\ronal\Local Sites\restaurant\app\public\wp-includes\functions.php on line 6121
[16-Nov-2025 19:02:41 UTC] PHP Notice:  Function wp_send_json was called <strong>incorrectly</strong>. Return a WP_REST_Response or WP_Error object from your callback when using the REST API. Please see <a href="https://developer.wordpress.org/advanced-administration/debug/debug-wordpress/">Debugging in WordPress</a> for more information. (This message was added in version 5.5.0.) in C:\Users\ronal\Local Sites\restaurant\app\public\wp-includes\functions.php on line 6121
[16-Nov-2025 20:12:21 UTC] PHP Notice:  Function wp_send_json was called <strong>incorrectly</strong>. Return a WP_REST_Response or WP_Error object from your callback when using the REST API. Please see <a href="https://developer.wordpress.org/advanced-administration/debug/debug-wordpress/">Debugging in WordPress</a> for more information. (This message was added in version 5.5.0.) in C:\Users\ronal\Local Sites\restaurant\app\public\wp-includes\functions.php on line 6121
[16-Nov-2025 20:13:20 UTC] PHP Notice:  Function wp_send_json was called <strong>incorrectly</strong>. Return a WP_REST_Response or WP_Error object from your callback when using the REST API. Please see <a href="https://developer.wordpress.org/advanced-administration/debug/debug-wordpress/">Debugging in WordPress</a> for more information. (This message was added in version 5.5.0.) in C:\Users\ronal\Local Sites\restaurant\app\public\wp-includes\functions.php on line 6121
[16-Nov-2025 20:15:12 UTC] PHP Notice:  Function wp_send_json was called <strong>incorrectly</strong>. Return a WP_REST_Response or WP_Error object from your callback when using the REST API. Please see <a href="https://developer.wordpress.org/advanced-administration/debug/debug-wordpress/">Debugging in WordPress</a> for more information. (This message was added in version 5.5.0.) in C:\Users\ronal\Local Sites\restaurant\app\public\wp-includes\functions.php on line 6121
[16-Nov-2025 20:16:04 UTC] PHP Warning:  Constant REST_REQUEST already defined in C:\Users\ronal\Local Sites\restaurant\app\public\wp-includes\rest-api.php on line 449
[16-Nov-2025 20:16:13 UTC] PHP Warning:  Constant REST_REQUEST already defined in C:\Users\ronal\Local Sites\restaurant\app\public\wp-includes\rest-api.php on line 449
[16-Nov-2025 20:17:18 UTC] PHP Notice:  Function wp_send_json was called <strong>incorrectly</strong>. Return a WP_REST_Response or WP_Error object from your callback when using the REST API. Please see <a href="https://developer.wordpress.org/advanced-administration/debug/debug-wordpress/">Debugging in WordPress</a> for more information. (This message was added in version 5.5.0.) in C:\Users\ronal\Local Sites\restaurant\app\public\wp-includes\functions.php on line 6121
[16-Nov-2025 20:18:18 UTC] PHP Notice:  Function wp_send_json was called <strong>incorrectly</strong>. Return a WP_REST_Response or WP_Error object from your callback when using the REST API. Please see <a href="https://developer.wordpress.org/advanced-administration/debug/debug-wordpress/">Debugging in WordPress</a> for more information. (This message was added in version 5.5.0.) in C:\Users\ronal\Local Sites\restaurant\app\public\wp-includes\functions.php on line 6121
[16-Nov-2025 20:19:18 UTC] PHP Notice:  Function wp_send_json was called <strong>incorrectly</strong>. Return a WP_REST_Response or WP_Error object from your callback when using the REST API. Please see <a href="https://developer.wordpress.org/advanced-administration/debug/debug-wordpress/">Debugging in WordPress</a> for more information. (This message was added in version 5.5.0.) in C:\Users\ronal\Local Sites\restaurant\app\public\wp-includes\functions.php on line 6121
[16-Nov-2025 20:19:27 UTC] PHP Notice:  Function wp_send_json was called <strong>incorrectly</strong>. Return a WP_REST_Response or WP_Error object from your callback when using the REST API. Please see <a href="https://developer.wordpress.org/advanced-administration/debug/debug-wordpress/">Debugging in WordPress</a> for more information. (This message was added in version 5.5.0.) in C:\Users\ronal\Local Sites\restaurant\app\public\wp-includes\functions.php on line 6121
[16-Nov-2025 20:19:29 UTC] PHP Warning:  Constant REST_REQUEST already defined in C:\Users\ronal\Local Sites\restaurant\app\public\wp-includes\rest-api.php on line 449
[16-Nov-2025 20:41:59 UTC] PHP Warning:  Attempt to read property "title" on null in C:\Users\ronal\Local Sites\restaurant\app\public\wp-includes\class-wp-customize-widgets.php on line 926
[16-Nov-2025 20:59:49 UTC] PHP Fatal error:  Uncaught Error: Class "WPGraphQL\WooCommerce\Vendor\Firebase\JWT\JWT" not found in C:\Users\ronal\Local Sites\restaurant\app\public\wp-content\plugins\wp-graphql-woocommerce\includes\utils\class-ql-session-handler.php:451
Stack trace:
#0 C:\Users\ronal\Local Sites\restaurant\app\public\wp-content\plugins\wp-graphql-woocommerce\includes\utils\class-ql-session-handler.php(585): WPGraphQL\WooCommerce\Utils\QL_Session_Handler->build_token()
#1 C:\Users\ronal\Local Sites\restaurant\app\public\wp-includes\class-wp-hook.php(324): WPGraphQL\WooCommerce\Utils\QL_Session_Handler->WPGraphQL\WooCommerce\Utils\{closure}(Array)
#2 C:\Users\ronal\Local Sites\restaurant\app\public\wp-includes\plugin.php(205): WP_Hook->apply_filters(Array, Array)
#3 C:\Users\ronal\Local Sites\restaurant\app\public\wp-content\plugins\wp-graphql\src\Router.php(355): apply_filters('graphql_respons...', Array)
#4 C:\Users\ronal\Local Sites\restaurant\app\public\wp-content\plugins\wp-graphql\src\Router.php(377): WPGraphQL\Router::get_response_headers()
#5 C:\Users\ronal\Local Sites\restaurant\app\public\wp-content\plugins\wp-graphql\src\Router.php(572): WPGraphQL\Router::set_headers()
#6 C:\Users\ronal\Local Sites\restaurant\app\public\wp-content\plugins\wp-graphql\src\Router.php(517): WPGraphQL\Router::prepare_headers(Object(GraphQL\Executor\ExecutionResult), Object(GraphQL\Executor\ExecutionResult), 'query Introspec...', 'IntrospectionQu...', Array)
#7 C:\Users\ronal\Local Sites\restaurant\app\public\wp-content\plugins\wp-graphql\src\Router.php(249): WPGraphQL\Router::process_http_request()
#8 C:\Users\ronal\Local Sites\restaurant\app\public\wp-includes\class-wp-hook.php(324): WPGraphQL\Router::resolve_http_request(Object(WP))
#9 C:\Users\ronal\Local Sites\restaurant\app\public\wp-includes\class-wp-hook.php(348): WP_Hook->apply_filters(NULL, Array)
#10 C:\Users\ronal\Local Sites\restaurant\app\public\wp-includes\plugin.php(565): WP_Hook->do_action(Array)
#11 C:\Users\ronal\Local Sites\restaurant\app\public\wp-includes\class-wp.php(418): do_action_ref_array('parse_request', Array)
#12 C:\Users\ronal\Local Sites\restaurant\app\public\wp-includes\class-wp.php(818): WP->parse_request('')
#13 C:\Users\ronal\Local Sites\restaurant\app\public\wp-includes\functions.php(1342): WP->main('')
#14 C:\Users\ronal\Local Sites\restaurant\app\public\wp-blog-header.php(16): wp()
#15 C:\Users\ronal\Local Sites\restaurant\app\public\index.php(17): require('C:\\Users\\ronal\\...')
#16 {main}
  thrown in C:\Users\ronal\Local Sites\restaurant\app\public\wp-content\plugins\wp-graphql-woocommerce\includes\utils\class-ql-session-handler.php on line 451
[16-Nov-2025 21:08:07 UTC] PHP Fatal error:  Uncaught Error: Class "WPGraphQL\WooCommerce\Vendor\Firebase\JWT\JWT" not found in C:\Users\ronal\Local Sites\restaurant\app\public\wp-content\plugins\wp-graphql-woocommerce\includes\utils\class-ql-session-handler.php:451
Stack trace:
#0 C:\Users\ronal\Local Sites\restaurant\app\public\wp-content\plugins\wp-graphql-woocommerce\includes\utils\class-ql-session-handler.php(585): WPGraphQL\WooCommerce\Utils\QL_Session_Handler->build_token()
#1 C:\Users\ronal\Local Sites\restaurant\app\public\wp-includes\class-wp-hook.php(324): WPGraphQL\WooCommerce\Utils\QL_Session_Handler->WPGraphQL\WooCommerce\Utils\{closure}(Array)
#2 C:\Users\ronal\Local Sites\restaurant\app\public\wp-includes\plugin.php(205): WP_Hook->apply_filters(Array, Array)
#3 C:\Users\ronal\Local Sites\restaurant\app\public\wp-content\plugins\wp-graphql\src\Router.php(355): apply_filters('graphql_respons...', Array)
#4 C:\Users\ronal\Local Sites\restaurant\app\public\wp-content\plugins\wp-graphql\src\Router.php(377): WPGraphQL\Router::get_response_headers()
#5 C:\Users\ronal\Local Sites\restaurant\app\public\wp-content\plugins\wp-graphql\src\Router.php(572): WPGraphQL\Router::set_headers()
#6 C:\Users\ronal\Local Sites\restaurant\app\public\wp-content\plugins\wp-graphql\src\Router.php(517): WPGraphQL\Router::prepare_headers(Object(GraphQL\Executor\ExecutionResult), Object(GraphQL\Executor\ExecutionResult), 'query Introspec...', 'IntrospectionQu...', Array)
#7 C:\Users\ronal\Local Sites\restaurant\app\public\wp-content\plugins\wp-graphql\src\Router.php(249): WPGraphQL\Router::process_http_request()
#8 C:\Users\ronal\Local Sites\restaurant\app\public\wp-includes\class-wp-hook.php(324): WPGraphQL\Router::resolve_http_request(Object(WP))
#9 C:\Users\ronal\Local Sites\restaurant\app\public\wp-includes\class-wp-hook.php(348): WP_Hook->apply_filters(NULL, Array)
#10 C:\Users\ronal\Local Sites\restaurant\app\public\wp-includes\plugin.php(565): WP_Hook->do_action(Array)
#11 C:\Users\ronal\Local Sites\restaurant\app\public\wp-includes\class-wp.php(418): do_action_ref_array('parse_request', Array)
#12 C:\Users\ronal\Local Sites\restaurant\app\public\wp-includes\class-wp.php(818): WP->parse_request('')
#13 C:\Users\ronal\Local Sites\restaurant\app\public\wp-includes\functions.php(1342): WP->main('')
#14 C:\Users\ronal\Local Sites\restaurant\app\public\wp-blog-header.php(16): wp()
#15 C:\Users\ronal\Local Sites\restaurant\app\public\index.php(17): require('C:\\Users\\ronal\\...')
#16 {main}
  thrown in C:\Users\ronal\Local Sites\restaurant\app\public\wp-content\plugins\wp-graphql-woocommerce\includes\utils\class-ql-session-handler.php on line 451
[16-Nov-2025 21:09:29 UTC] PHP Fatal error:  Uncaught Error: Class "WPGraphQL\WooCommerce\Vendor\Firebase\JWT\JWT" not found in C:\Users\ronal\Local Sites\restaurant\app\public\wp-content\plugins\wp-graphql-woocommerce\includes\utils\class-ql-session-handler.php:451
Stack trace:
#0 C:\Users\ronal\Local Sites\restaurant\app\public\wp-content\plugins\wp-graphql-woocommerce\includes\utils\class-ql-session-handler.php(585): WPGraphQL\WooCommerce\Utils\QL_Session_Handler->build_token()
#1 C:\Users\ronal\Local Sites\restaurant\app\public\wp-includes\class-wp-hook.php(324): WPGraphQL\WooCommerce\Utils\QL_Session_Handler->WPGraphQL\WooCommerce\Utils\{closure}(Array)
#2 C:\Users\ronal\Local Sites\restaurant\app\public\wp-includes\plugin.php(205): WP_Hook->apply_filters(Array, Array)
#3 C:\Users\ronal\Local Sites\restaurant\app\public\wp-content\plugins\wp-graphql\src\Router.php(355): apply_filters('graphql_respons...', Array)
#4 C:\Users\ronal\Local Sites\restaurant\app\public\wp-content\plugins\wp-graphql\src\Router.php(377): WPGraphQL\Router::get_response_headers()
#5 C:\Users\ronal\Local Sites\restaurant\app\public\wp-content\plugins\wp-graphql\src\Router.php(572): WPGraphQL\Router::set_headers()
#6 C:\Users\ronal\Local Sites\restaurant\app\public\wp-content\plugins\wp-graphql\src\Router.php(517): WPGraphQL\Router::prepare_headers(Object(GraphQL\Executor\ExecutionResult), Object(GraphQL\Executor\ExecutionResult), 'query { pages(f...', '', NULL)
#7 C:\Users\ronal\Local Sites\restaurant\app\public\wp-content\plugins\wp-graphql\src\Router.php(249): WPGraphQL\Router::process_http_request()
#8 C:\Users\ronal\Local Sites\restaurant\app\public\wp-includes\class-wp-hook.php(324): WPGraphQL\Router::resolve_http_request(Object(WP))
#9 C:\Users\ronal\Local Sites\restaurant\app\public\wp-includes\class-wp-hook.php(348): WP_Hook->apply_filters(NULL, Array)
#10 C:\Users\ronal\Local Sites\restaurant\app\public\wp-includes\plugin.php(565): WP_Hook->do_action(Array)
#11 C:\Users\ronal\Local Sites\restaurant\app\public\wp-includes\class-wp.php(418): do_action_ref_array('parse_request', Array)
#12 C:\Users\ronal\Local Sites\restaurant\app\public\wp-includes\class-wp.php(818): WP->parse_request('')
#13 C:\Users\ronal\Local Sites\restaurant\app\public\wp-includes\functions.php(1342): WP->main('')
#14 C:\Users\ronal\Local Sites\restaurant\app\public\wp-blog-header.php(16): wp()
#15 C:\Users\ronal\Local Sites\restaurant\app\public\index.php(17): require('C:\\Users\\ronal\\...')
#16 {main}
  thrown in C:\Users\ronal\Local Sites\restaurant\app\public\wp-content\plugins\wp-graphql-woocommerce\includes\utils\class-ql-session-handler.php on line 451
